##############################################################################
#                                                                            #
# IAR Atmel AVR C/EC++ Compiler V3.20C/W32             04/Aug/2006  13:21:59 #
# Copyright 1996-2004 IAR Systems. All rights reserved.                      #
#                                                                            #
#    Source file  =  D:\temp\sys_msap01mk_dev0103\OneWire\ow_crc.c           #
#    Command line =  --cpu=m128 -ms -o D:\temp\sys_msap01mk_dev0103\Release\ #
#                    Obj\ -lCN D:\temp\sys_msap01mk_dev0103\Release\List\    #
#                    -y --initializers_in_flash -s9                          #
#                    -DENABLE_BIT_DEFINITIONS -e -I "F:\Program Files\IAR    #
#                    Systems\Embedded Workbench 3.2\avr\INC\" -I             #
#                    "F:\Program Files\IAR Systems\Embedded Workbench        #
#                    3.2\avr\INC\CLIB\" --eeprom_size 4096                   #
#                    D:\temp\sys_msap01mk_dev0103\OneWire\ow_crc.c           #
#    List file    =  D:\temp\sys_msap01mk_dev0103\Release\List\ow_crc.lst    #
#    Object file  =  D:\temp\sys_msap01mk_dev0103\Release\Obj\ow_crc.r90     #
#                                                                            #
#                                                                            #
##############################################################################


   \                                 In segment NEAR_Z, align 1, keep-with-next
   \   00000000                              REQUIRE `?<Segment init: NEAR_Z>`
D:\temp\sys_msap01mk_dev0103\OneWire\ow_crc.c
      1          unsigned char dowcrc;
   \                     dowcrc:
   \   00000000                              DS 1

   \                                 In segment NEAR_F, align 1, keep-with-next
      2          unsigned char __flash dscrc_table[] = 
   \                     dscrc_table:
   \   00000000   5E00E2BC3F61               DB 0, 94, 188, 226, 97, 63, 221, 131, 194, 156, 126, 32, 163, 253, 31
   \              83DD9CC2207E
   \              FDA31F      
   \   0000000F   9D4121C3FC7F               DB 65, 157, 195, 33, 127, 252, 162, 64, 30, 95, 1, 227, 189, 62, 96
   \              40A25F1EE301
   \              3EBD60      
   \   0000001E   DC827D23C19F               DB 130, 220, 35, 125, 159, 193, 66, 28, 254, 160, 225, 191, 93, 3, 128
   \              1C42A0FEBFE1
   \              035D80      
   \   0000002D   3CDEBE6202E0               DB 222, 60, 98, 190, 224, 2, 92, 223, 129, 99, 61, 124, 34, 192, 158
   \              DF5C63817C3D
   \              C0229E      
   \   0000003C   431DFFA11846               DB 29, 67, 161, 255, 70, 24, 250, 164, 39, 121, 155, 197, 132, 218, 56
   \              A4FA7927C59B
   \              DA8438      
   \   0000004B   E56659BBDB07               DB 102, 229, 187, 89, 7, 219, 133, 103, 57, 186, 228, 6, 88, 25, 71
   \              6785BA3906E4
   \              195847      
   \   0000005A   FBA526789AC4               DB 165, 251, 120, 38, 196, 154, 101, 59, 217, 135, 4, 90, 184, 230, 167
   \              3B6587D95A04
   \              E6B8A7      
   \   00000069   1BF9C6457A98               DB 249, 27, 69, 198, 152, 122, 36, 248, 166, 68, 26, 153, 199, 37, 123
   \              F82444A6991A
   \              25C77B      
   \   00000078   643AD886055B               DB 58, 100, 134, 216, 91, 5, 231, 185, 140, 210, 48, 110, 237, 179, 81
   \              B9E7D28C6E30
   \              B3ED51      
   \   00000087   4E0FF2102FAC               DB 15, 78, 16, 242, 172, 47, 113, 147, 205, 17, 79, 173, 243, 112, 46
   \              937111CDAD4F
   \              70F32E      
   \   00000096   92CC8DD3316F               DB 204, 146, 211, 141, 111, 49, 178, 236, 14, 80, 175, 241, 19, 77, 206
   \              ECB2500EF1AF
   \              4D13CE      
   \   000000A5   72906D2CD133               DB 144, 114, 44, 109, 51, 209, 143, 12, 82, 176, 238, 50, 108, 142, 208
   \              0C8FB05232EE
   \              8E6CD0      
   \   000000B4   0D53B1EFAEF0               DB 83, 13, 239, 177, 240, 174, 76, 18, 145, 207, 45, 115, 202, 148, 118
   \              124CCF91732D
   \              94CA76      
   \   000000C3   AB2817F50849               DB 40, 171, 245, 23, 73, 8, 86, 180, 234, 105, 55, 213, 139, 87, 9, 235
   \              B45669EAD537
   \              578BEB09    
   \   000000D3   36B58A6895D4               DB 181, 54, 104, 138, 212, 149, 203, 41, 119, 244, 170, 72, 22, 233
   \              29CBF47748AA
   \              E916        
   \   000000E1   55B7880B34D6               DB 183, 85, 11, 136, 214, 52, 106, 43, 117, 151, 201, 74, 20, 246, 168
   \              2B6A97754AC9
   \              F614A8      
   \   000000F0   2A7496C84B15               DB 116, 42, 200, 150, 21, 75, 169, 247, 182, 232, 10, 84, 215, 137, 107
   \              F7A9E8B6540A
   \              89D76B      
   \   000000FF   35                         DB 53
      3          {
      4          0, 94, 188, 226, 97, 63, 221, 131, 194, 156, 126, 32, 163, 253, 31, 65,
      5          157, 195, 33, 127, 252, 162, 64, 30, 95, 1, 227, 189, 62, 96, 130, 220,
      6          35, 125, 159, 193, 66, 28, 254, 160, 225, 191, 93, 3, 128, 222, 60, 98,
      7          190, 224, 2, 92, 223, 129, 99, 61, 124, 34, 192, 158, 29, 67, 161, 255,
      8          70, 24, 250, 164, 39, 121, 155, 197, 132, 218, 56, 102, 229, 187, 89, 7,
      9          219, 133, 103, 57, 186, 228, 6, 88, 25, 71, 165, 251, 120, 38, 196, 154,
     10          101, 59, 217, 135, 4, 90, 184, 230, 167, 249, 27, 69, 198, 152, 122, 36,
     11          248, 166, 68, 26, 153, 199, 37, 123, 58, 100, 134, 216, 91, 5, 231, 185,
     12          140, 210, 48, 110, 237, 179, 81, 15, 78, 16, 242, 172, 47, 113, 147, 205,
     13          17, 79, 173, 243, 112, 46, 204, 146, 211, 141, 111, 49, 178, 236, 14, 80,
     14          175, 241, 19, 77, 206, 144, 114, 44, 109, 51, 209, 143, 12, 82, 176, 238,
     15          50, 108, 142, 208, 83, 13, 239, 177, 240, 174, 76, 18, 145, 207, 45, 115,
     16          202, 148, 118, 40, 171, 245, 23, 73, 8, 86, 180, 234, 105, 55, 213, 139,
     17          87, 9, 235, 181, 54, 104, 138, 212, 149, 203, 41, 119, 244, 170, 72, 22,
     18          233, 183, 85, 11, 136, 214, 52, 106, 43, 117, 151, 201, 74, 20, 246, 168,
     19          116, 42, 200, 150, 21, 75, 169, 247, 182, 232, 10, 84, 215, 137, 107, 53
     20          };
     21          
     22          

   \                                 In segment CODE, align 2, keep-with-next
     23          unsigned char CRC(unsigned char byte)
   \                     CRC:
     24          {
     25            dowcrc = dscrc_table[dowcrc^byte];
   \   00000000   ....                       LDI     R30,LOW(dscrc_table)
   \   00000002   ....                       LDI     R31,(dscrc_table) >> 8
   \   00000004   9120....                   LDS     R18,dowcrc
   \   00000008   E010                       LDI     R17,0
   \   0000000A   2702                       EOR     R16,R18
   \   0000000C   0FE0                       ADD     R30,R16
   \   0000000E   1FF1                       ADC     R31,R17
   \   00000010   9104                       LPM     R16,Z
   \   00000012   9300....                   STS     dowcrc,R16
     26            return dowcrc;
   \   00000016   9508                       RET
     27          }

   Maximum stack usage in bytes:

     Function CSTACK RSTACK
     -------- ------ ------
     CRC          0      2


   Segment part sizes:

     Function/Label Bytes
     -------------- -----
     dowcrc            1
     dscrc_table     256
     CRC              24
      Others           7

 
  24 bytes in segment CODE
   7 bytes in segment INITTAB
 256 bytes in segment NEAR_F
   1 byte  in segment NEAR_Z
 
 280 bytes of CODE memory (+ 7 bytes shared)
   1 byte  of DATA memory

Errors: none
Warnings: none
